  classes.cpp
C:\Users\micha\Documents\STUDIA\PK3\Projekt\Hard Game\Hard Game\classes.h(18,46): warning C4305: 'initializing': truncation from 'double' to 'const float'
  functions.cpp
C:\Users\micha\Documents\STUDIA\PK3\Projekt\Hard Game\Hard Game\classes.h(18,46): warning C4305: 'initializing': truncation from 'double' to 'const float'
  Leaderboard.cpp
C:\Users\micha\Documents\STUDIA\PK3\Projekt\Hard Game\Hard Game\classes.h(18,46): warning C4305: 'initializing': truncation from 'double' to 'const float'
  Level.cpp
C:\Users\micha\Documents\STUDIA\PK3\Projekt\Hard Game\Hard Game\classes.h(18,46): warning C4305: 'initializing': truncation from 'double' to 'const float'
C:\Users\micha\Documents\STUDIA\PK3\Projekt\Hard Game\Hard Game\Level.cpp(15,32): warning C4244: 'argument': conversion from 'int' to 'T', possible loss of data
          with
          [
              T=float
          ]
C:\Users\micha\Documents\STUDIA\PK3\Projekt\Hard Game\Hard Game\Level.cpp(20,34): warning C4244: 'argument': conversion from 'int' to 'T', possible loss of data
          with
          [
              T=float
          ]
  Menu.cpp
C:\Users\micha\Documents\STUDIA\PK3\Projekt\Hard Game\Hard Game\classes.h(18,46): warning C4305: 'initializing': truncation from 'double' to 'const float'
C:\Users\micha\Documents\STUDIA\PK3\Projekt\Hard Game\Hard Game\Menu.cpp(19,86): warning C4244: 'argument': conversion from 'double' to 'T', possible loss of data
          with
          [
              T=float
          ]
  NPC.cpp
C:\Users\micha\Documents\STUDIA\PK3\Projekt\Hard Game\Hard Game\classes.h(18,46): warning C4305: 'initializing': truncation from 'double' to 'const float'
C:\Users\micha\Documents\STUDIA\PK3\Projekt\Hard Game\Hard Game\NPC.cpp(123,21): warning C4305: '-=': truncation from 'double' to 'float'
C:\Users\micha\Documents\STUDIA\PK3\Projekt\Hard Game\Hard Game\NPC.cpp(230,21): warning C4305: '-=': truncation from 'double' to 'float'
  OptionBase.cpp
C:\Users\micha\Documents\STUDIA\PK3\Projekt\Hard Game\Hard Game\classes.h(18,46): warning C4305: 'initializing': truncation from 'double' to 'const float'
  Options.cpp
C:\Users\micha\Documents\STUDIA\PK3\Projekt\Hard Game\Hard Game\classes.h(18,46): warning C4305: 'initializing': truncation from 'double' to 'const float'
C:\Users\micha\Documents\STUDIA\PK3\Projekt\Hard Game\Hard Game\Options.cpp(20,87): warning C4244: 'argument': conversion from 'double' to 'T', possible loss of data
          with
          [
              T=float
          ]
C:\Users\micha\Documents\STUDIA\PK3\Projekt\Hard Game\Hard Game\Options.cpp(32,87): warning C4244: 'argument': conversion from 'double' to 'T', possible loss of data
          with
          [
              T=float
          ]
  Player.cpp
C:\Users\micha\Documents\STUDIA\PK3\Projekt\Hard Game\Hard Game\classes.h(18,46): warning C4305: 'initializing': truncation from 'double' to 'const float'
C:\Users\micha\Documents\STUDIA\PK3\Projekt\Hard Game\Hard Game\Player.cpp(133,10): warning C4244: 'initializing': conversion from 'double' to 'float', possible loss of data
  source.cpp
C:\Users\micha\Documents\STUDIA\PK3\Projekt\Hard Game\Hard Game\classes.h(18,46): warning C4305: 'initializing': truncation from 'double' to 'const float'
  Generating code
  352 of 365 functions (96.4%) were compiled, the rest were copied from previous compilation.
    0 functions were new in current compilation
    2 functions had inline decision re-evaluated but remain unchanged
  Finished generating code
  Hard Game.vcxproj -> C:\Users\micha\Documents\STUDIA\PK3\Projekt\Hard Game\Release\Hard Game.exe
